c:\users\hampus\documents\visual studio 2013\projects\feedingfrenzy\debug\feedingfrenzy.bsc
c:\users\hampus\documents\visual studio 2013\projects\feedingfrenzy\feedingfrenzy\debug\vc120.pdb
c:\users\hampus\documents\visual studio 2013\projects\feedingfrenzy\feedingfrenzy\debug\vc120.idb
c:\users\hampus\documents\visual studio 2013\projects\feedingfrenzy\feedingfrenzy\debug\greyfish.sbr
c:\users\hampus\documents\visual studio 2013\projects\feedingfrenzy\feedingfrenzy\debug\school_fish.sbr
c:\users\hampus\documents\visual studio 2013\projects\feedingfrenzy\feedingfrenzy\debug\player.sbr
c:\users\hampus\documents\visual studio 2013\projects\feedingfrenzy\feedingfrenzy\debug\main.sbr
c:\users\hampus\documents\visual studio 2013\projects\feedingfrenzy\feedingfrenzy\debug\game.sbr
c:\users\hampus\documents\visual studio 2013\projects\feedingfrenzy\feedingfrenzy\debug\fish.sbr
c:\users\hampus\documents\visual studio 2013\projects\feedingfrenzy\feedingfrenzy\debug\enemy.sbr
c:\users\hampus\documents\visual studio 2013\projects\feedingfrenzy\feedingfrenzy\debug\enemy.obj
c:\users\hampus\documents\visual studio 2013\projects\feedingfrenzy\feedingfrenzy\debug\fish.obj
c:\users\hampus\documents\visual studio 2013\projects\feedingfrenzy\feedingfrenzy\debug\game.obj
c:\users\hampus\documents\visual studio 2013\projects\feedingfrenzy\feedingfrenzy\debug\main.obj
c:\users\hampus\documents\visual studio 2013\projects\feedingfrenzy\feedingfrenzy\debug\player.obj
c:\users\hampus\documents\visual studio 2013\projects\feedingfrenzy\feedingfrenzy\debug\school_fish.obj
c:\users\hampus\documents\visual studio 2013\projects\feedingfrenzy\feedingfrenzy\debug\greyfish.obj
c:\users\hampus\documents\visual studio 2013\projects\feedingfrenzy\debug\feedingfrenzy.ilk
c:\users\hampus\documents\visual studio 2013\projects\feedingfrenzy\debug\feedingfrenzy.exe
c:\users\hampus\documents\visual studio 2013\projects\feedingfrenzy\debug\feedingfrenzy.pdb
c:\users\hampus\documents\visual studio 2013\projects\feedingfrenzy\feedingfrenzy\debug\feedingfrenzy.tlog\bscmake.command.1.tlog
c:\users\hampus\documents\visual studio 2013\projects\feedingfrenzy\feedingfrenzy\debug\feedingfrenzy.tlog\bscmake.read.1.tlog
c:\users\hampus\documents\visual studio 2013\projects\feedingfrenzy\feedingfrenzy\debug\feedingfrenzy.tlog\bscmake.write.1.tlog
c:\users\hampus\documents\visual studio 2013\projects\feedingfrenzy\feedingfrenzy\debug\feedingfrenzy.tlog\cl.command.1.tlog
c:\users\hampus\documents\visual studio 2013\projects\feedingfrenzy\feedingfrenzy\debug\feedingfrenzy.tlog\cl.read.1.tlog
c:\users\hampus\documents\visual studio 2013\projects\feedingfrenzy\feedingfrenzy\debug\feedingfrenzy.tlog\cl.write.1.tlog
c:\users\hampus\documents\visual studio 2013\projects\feedingfrenzy\feedingfrenzy\debug\feedingfrenzy.tlog\link.command.1.tlog
c:\users\hampus\documents\visual studio 2013\projects\feedingfrenzy\feedingfrenzy\debug\feedingfrenzy.tlog\link.read.1.tlog
c:\users\hampus\documents\visual studio 2013\projects\feedingfrenzy\feedingfrenzy\debug\feedingfrenzy.tlog\link.write.1.tlog
